0 info it worked if it ends with ok
1 verbose cli [ '/Users/fdhuang/.nvm/v0.10.32/bin/node',
1 verbose cli   '/Users/fdhuang/.nvm/v0.10.32/bin/npm',
1 verbose cli   'run',
1 verbose cli   'test' ]
2 info using npm@1.4.28
3 info using node@v0.10.32
4 verbose run-script [ 'pretest', 'test', 'posttest' ]
5 info pretest iot-coap@0.4.5
6 info test iot-coap@0.4.5
7 verbose unsafe-perm in lifecycle true
8 info iot-coap@0.4.5 Failed to exec test script
9 error iot-coap@0.4.5 test: `istanbul cover node_modules/mocha/bin/_mocha -- -R spec;sendCoverage`
9 error Exit status 127
10 error Failed at the iot-coap@0.4.5 test script.
10 error This is most likely a problem with the iot-coap package,
10 error not with npm itself.
10 error Tell the author that this fails on your system:
10 error     istanbul cover node_modules/mocha/bin/_mocha -- -R spec;sendCoverage
10 error You can get their info via:
10 error     npm owner ls iot-coap
10 error There is likely additional logging output above.
11 error System Darwin 14.0.0
12 error command "/Users/fdhuang/.nvm/v0.10.32/bin/node" "/Users/fdhuang/.nvm/v0.10.32/bin/npm" "run" "test"
13 error cwd /Users/fdhuang/learing/iot-coap
14 error node -v v0.10.32
15 error npm -v 1.4.28
16 error code ELIFECYCLE
17 verbose exit [ 1, true ]
